[0mGET / [32m200[0m 35.495 ms - 6352[0m
[0mGET /cssa/bootstrap.min.css [32m200[0m 2.883 ms - 232855[0m
[0mGET /js/bootstrap.min.js [32m200[0m 7.347 ms - 60582[0m
[0mGET / [36m304[0m 19.149 ms - -[0m
[0mGET /cssa/bootstrap.min.css [36m304[0m 1.711 ms - -[0m
[0mGET /js/bootstrap.min.js [36m304[0m 1.745 ms - -[0m
[0mGET /users/sign-in [36m304[0m 5.468 ms - -[0m
[0mGET /users/css/layout.css [33m404[0m 1.156 ms - 159[0m
[0mGET /js/bootstrap.min.js [36m304[0m 0.627 ms - -[0m
[0mGET /cssa/bootstrap.min.css [36m304[0m 1.086 ms - -[0m
[0mGET /users/auth/google [36m302[0m 0.637 ms - 0[0m
[0mGET /users/auth/google/callback?code=4%2F0Adeu5BXAnesFfeNQs2IXVESuh7kP0UlkFKqxSCxX-2fWUTerCrI2zctG0C1DpvgsVK3WCA&scope=email+profile+https%3A%2F%2Fwww.googleapis.com%2Fauth%2Fuserinfo.profile+https%3A%2F%2Fwww.googleapis.com%2Fauth%2Fuserinfo.email+openid&authuser=1&prompt=consent [36m302[0m 659.577 ms - 46[0m
[0mGET / [32m200[0m 31.415 ms - 10909[0m
[0mGET /cssa/bootstrap.min.css [36m304[0m 1.964 ms - -[0m
[0mGET /js/bootstrap.min.js [36m304[0m 1.082 ms - -[0m
[0mGET / [36m304[0m 36.899 ms - -[0m
[0mGET /cssa/bootstrap.min.css [36m304[0m 4.321 ms - -[0m
[0mGET /js/bootstrap.min.js [36m304[0m 1.088 ms - -[0m
[0mGET / [36m304[0m 40.996 ms - -[0m
[0mGET /js/bootstrap.min.js [36m304[0m 1.267 ms - -[0m
[0mGET /cssa/bootstrap.min.css [36m304[0m 2.082 ms - -[0m
[0mGET / [36m304[0m 39.446 ms - -[0m
[0mGET /js/bootstrap.min.js [36m304[0m 2.708 ms - -[0m
[0mGET /cssa/bootstrap.min.css [36m304[0m 2.376 ms - -[0m
[0mGET / [32m200[0m 38.514 ms - 10916[0m
[0mGET /cssa/bootstrap.min.css [36m304[0m 3.872 ms - -[0m
[0mGET /js/bootstrap.min.js [36m304[0m 4.194 ms - -[0m
[0mGET / [36m304[0m 38.645 ms - -[0m
[0mGET /js/bootstrap.min.js [36m304[0m 2.027 ms - -[0m
[0mGET /cssa/bootstrap.min.css [36m304[0m 2.505 ms - -[0m
[0mGET / [36m304[0m 33.476 ms - -[0m
[0mGET /cssa/bootstrap.min.css [36m304[0m 2.443 ms - -[0m
[0mGET /js/bootstrap.min.js [36m304[0m 2.302 ms - -[0m
[0mGET / [32m200[0m 36.220 ms - 10909[0m
[0mGET /cssa/bootstrap.min.css [36m304[0m 1.478 ms - -[0m
[0mGET /js/bootstrap.min.js [36m304[0m 1.448 ms - -[0m
[0mGET / [36m304[0m 37.746 ms - -[0m
[0mGET /cssa/bootstrap.min.css [36m304[0m 1.781 ms - -[0m
[0mGET /js/bootstrap.min.js [36m304[0m 1.959 ms - -[0m
[0mGET / [32m200[0m 35.742 ms - 10916[0m
[0mGET /js/bootstrap.min.js [36m304[0m 2.019 ms - -[0m
[0mGET /cssa/bootstrap.min.css [36m304[0m 2.266 ms - -[0m
[0mGET / [32m200[0m 43.408 ms - 10939[0m
[0mGET /js/bootstrap.min.js [36m304[0m 2.460 ms - -[0m
[0mGET /cssa/bootstrap.min.css [36m304[0m 3.096 ms - -[0m
[0mGET / [36m304[0m 52.995 ms - -[0m
[0mGET /js/bootstrap.min.js [36m304[0m 1.446 ms - -[0m
[0mGET /cssa/bootstrap.min.css [36m304[0m 1.590 ms - -[0m
[0mGET / [32m200[0m 37.402 ms - 10929[0m
[0mGET /js/bootstrap.min.js [36m304[0m 0.970 ms - -[0m
[0mGET /cssa/bootstrap.min.css [36m304[0m 2.298 ms - -[0m
[0mGET / [36m304[0m 27.060 ms - -[0m
[0mGET /js/bootstrap.min.js [36m304[0m 1.660 ms - -[0m
[0mGET /cssa/bootstrap.min.css [36m304[0m 2.200 ms - -[0m
[0mGET / [36m304[0m 61.266 ms - -[0m
[0mGET /js/bootstrap.min.js [36m304[0m 3.222 ms - -[0m
[0mGET /cssa/bootstrap.min.css [36m304[0m 3.226 ms - -[0m
[0mGET / [32m200[0m 31.272 ms - 10919[0m
[0mGET /js/bootstrap.min.js [36m304[0m 0.768 ms - -[0m
[0mGET /cssa/bootstrap.min.css [36m304[0m 2.007 ms - -[0m
[0mGET / [36m304[0m 41.969 ms - -[0m
[0mGET /js/bootstrap.min.js [36m304[0m 1.174 ms - -[0m
[0mGET /cssa/bootstrap.min.css [36m304[0m 1.789 ms - -[0m
[0mGET / [32m200[0m 42.058 ms - 10930[0m
[0mGET /js/bootstrap.min.js [36m304[0m 1.395 ms - -[0m
[0mGET /cssa/bootstrap.min.css [36m304[0m 2.183 ms - -[0m
[0mGET / [32m200[0m 38.862 ms - 10930[0m
[0mGET /js/bootstrap.min.js [36m304[0m 1.333 ms - -[0m
[0mGET /cssa/bootstrap.min.css [36m304[0m 2.605 ms - -[0m
[0mGET / [36m304[0m 48.212 ms - -[0m
[0mGET /cssa/bootstrap.min.css [36m304[0m 1.597 ms - -[0m
[0mGET /js/bootstrap.min.js [36m304[0m 4.403 ms - -[0m
[0mGET / [32m200[0m 43.521 ms - 10930[0m
[0mGET /js/bootstrap.min.js [36m304[0m 1.394 ms - -[0m
[0mGET /cssa/bootstrap.min.css [36m304[0m 4.905 ms - -[0m
[0mGET / [32m200[0m 41.415 ms - 10930[0m
[0mGET /js/bootstrap.min.js [36m304[0m 1.938 ms - -[0m
[0mGET /cssa/bootstrap.min.css [36m304[0m 3.058 ms - -[0m
[0mGET / [36m304[0m 35.293 ms - -[0m
[0mGET /cssa/bootstrap.min.css [36m304[0m 5.656 ms - -[0m
[0mGET /js/bootstrap.min.js [36m304[0m 3.741 ms - -[0m
[0mGET / [36m304[0m 55.621 ms - -[0m
[0mGET /cssa/bootstrap.min.css [36m304[0m 5.224 ms - -[0m
[0mGET /js/bootstrap.min.js [36m304[0m 4.051 ms - -[0m
[0mGET / [36m304[0m 40.999 ms - -[0m
[0mGET /cssa/bootstrap.min.css [36m304[0m 2.097 ms - -[0m
[0mGET /js/bootstrap.min.js [36m304[0m 5.982 ms - -[0m
[0mGET / [36m304[0m 41.443 ms - -[0m
[0mGET /js/bootstrap.min.js [36m304[0m 3.008 ms - -[0m
[0mGET /cssa/bootstrap.min.css [36m304[0m 6.531 ms - -[0m
[0mGET / [36m304[0m 37.603 ms - -[0m
[0mGET /js/bootstrap.min.js [36m304[0m 1.715 ms - -[0m
[0mGET /cssa/bootstrap.min.css [36m304[0m 5.346 ms - -[0m
[0mGET / [36m304[0m 39.016 ms - -[0m
[0mGET /js/bootstrap.min.js [36m304[0m 1.376 ms - -[0m
[0mGET /cssa/bootstrap.min.css [36m304[0m 3.490 ms - -[0m
[0mGET / [36m304[0m 49.846 ms - -[0m
[0mGET /js/bootstrap.min.js [36m304[0m 1.612 ms - -[0m
[0mGET /cssa/bootstrap.min.css [36m304[0m 4.752 ms - -[0m
[0mGET / [36m304[0m 45.421 ms - -[0m
[0mGET /js/bootstrap.min.js [36m304[0m 1.612 ms - -[0m
[0mGET /cssa/bootstrap.min.css [36m304[0m 2.158 ms - -[0m
[0mGET / [36m304[0m 46.357 ms - -[0m
[0mGET /cssa/bootstrap.min.css [36m304[0m 3.278 ms - -[0m
[0mGET /js/bootstrap.min.js [36m304[0m 4.601 ms - -[0m
[0mGET / [36m304[0m 35.751 ms - -[0m
[0mGET /cssa/bootstrap.min.css [36m304[0m 4.392 ms - -[0m
[0mGET /js/bootstrap.min.js [36m304[0m 2.100 ms - -[0m
[0mGET / [36m304[0m 31.857 ms - -[0m
[0mGET /js/bootstrap.min.js [36m304[0m 2.290 ms - -[0m
[0mGET /cssa/bootstrap.min.css [36m304[0m 4.657 ms - -[0m
[0mGET / [36m304[0m 35.438 ms - -[0m
[0mGET /cssa/bootstrap.min.css [36m304[0m 5.622 ms - -[0m
[0mGET /js/bootstrap.min.js [36m304[0m 2.478 ms - -[0m
[0mGET / [36m304[0m 36.538 ms - -[0m
[0mGET /js/bootstrap.min.js [36m304[0m 3.393 ms - -[0m
[0mGET /cssa/bootstrap.min.css [36m304[0m 4.244 ms - -[0m
[0mGET / [36m304[0m 42.153 ms - -[0m
[0mGET /cssa/bootstrap.min.css [36m304[0m 4.787 ms - -[0m
[0mGET /js/bootstrap.min.js [36m304[0m 3.682 ms - -[0m
[0mGET /cssa/bootstrap.min.css [36m304[0m 1.057 ms - -[0m
[0mGET /js/bootstrap.min.js.map [32m200[0m 0.539 ms - 220293[0m
[0mGET /cssa/bootstrap.min.css.map [32m200[0m 1.006 ms - 588931[0m
[0mGET / [36m304[0m 33.162 ms - -[0m
[0mGET /cssa/bootstrap.min.css [36m304[0m 1.459 ms - -[0m
[0mGET /js/bootstrap.min.js [36m304[0m 1.556 ms - -[0m
[0mGET /js/bootstrap.min.js.map [36m304[0m 0.497 ms - -[0m
[0mGET /cssa/bootstrap.min.css.map [36m304[0m 0.488 ms - -[0m
[0mGET / [36m304[0m 33.374 ms - -[0m
[0mGET /cssa/bootstrap.min.css [36m304[0m 0.844 ms - -[0m
[0mGET /js/bootstrap.min.js [36m304[0m 0.817 ms - -[0m
[0mGET /cssa/bootstrap.min.css.map [36m304[0m 0.407 ms - -[0m
[0mGET /js/bootstrap.min.js.map [36m304[0m 0.649 ms - -[0m
[0mGET / [36m304[0m 33.726 ms - -[0m
[0mGET /cssa/bootstrap.min.css [36m304[0m 3.180 ms - -[0m
[0mGET /js/bootstrap.min.js [36m304[0m 4.874 ms - -[0m
[0mGET /js/bootstrap.min.js.map [36m304[0m 0.610 ms - -[0m
[0mGET /cssa/bootstrap.min.css.map [36m304[0m 0.612 ms - -[0m
[0mGET / [36m304[0m 46.624 ms - -[0m
[0mGET /cssa/bootstrap.min.css [36m304[0m 4.418 ms - -[0m
[0mGET /js/bootstrap.min.js [36m304[0m 2.723 ms - -[0m
[0mGET /cssa/bootstrap.min.css.map [36m304[0m 0.389 ms - -[0m
[0mGET /js/bootstrap.min.js.map [36m304[0m 0.991 ms - -[0m
[0mGET / [36m304[0m 44.840 ms - -[0m
[0mGET /cssa/bootstrap.min.css [36m304[0m 4.519 ms - -[0m
[0mGET /js/bootstrap.min.js [36m304[0m 5.218 ms - -[0m
[0mGET /cssa/bootstrap.min.css.map [36m304[0m 0.629 ms - -[0m
[0mGET /js/bootstrap.min.js.map [36m304[0m 0.491 ms - -[0m
[0mGET / [36m304[0m 35.407 ms - -[0m
[0mGET /js/bootstrap.min.js [36m304[0m 2.779 ms - -[0m
[0mGET /cssa/bootstrap.min.css [36m304[0m 4.829 ms - -[0m
[0mGET /js/bootstrap.min.js.map [36m304[0m 0.558 ms - -[0m
[0mGET /cssa/bootstrap.min.css.map [36m304[0m 0.516 ms - -[0m
[0mGET / [36m304[0m 35.807 ms - -[0m
[0mGET /js/bootstrap.min.js [36m304[0m 4.137 ms - -[0m
[0mGET /cssa/bootstrap.min.css [36m304[0m 4.880 ms - -[0m
[0mGET /js/bootstrap.min.js.map [36m304[0m 0.397 ms - -[0m
[0mGET /cssa/bootstrap.min.css.map [36m304[0m 0.608 ms - -[0m
[0mGET / [32m200[0m 22.743 ms - 6352[0m
[0mGET /cssa/bootstrap.min.css [32m200[0m 0.717 ms - 232855[0m
[0mGET /js/bootstrap.min.js [32m200[0m 1.272 ms - 60582[0m
[0mGET /users/sign-in [32m200[0m 5.175 ms - 2164[0m
[0mGET /users/css/layout.css [33m404[0m 3.034 ms - 159[0m
[0mGET /cssa/bootstrap.min.css [36m304[0m 4.752 ms - -[0m
[0mGET /js/bootstrap.min.js [36m304[0m 5.366 ms - -[0m
[0mPOST /users/create-session [36m302[0m 7.333 ms - 46[0m
[0mGET / [32m200[0m 22.445 ms - 11358[0m
[0mGET /js/bootstrap.min.js [36m304[0m 2.163 ms - -[0m
[0mGET /cssa/bootstrap.min.css [36m304[0m 3.377 ms - -[0m
[0mGET /cssa/bootstrap.min.css [36m304[0m 0.683 ms - -[0m
[0mGET /js/bootstrap.min.js.map [32m200[0m 0.683 ms - 220293[0m
[0mGET /cssa/bootstrap.min.css.map [32m200[0m 0.758 ms - 588931[0m
[0mGET / [36m304[0m 31.507 ms - -[0m
[0mGET /js/bootstrap.min.js [36m304[0m 1.263 ms - -[0m
[0mGET /cssa/bootstrap.min.css [36m304[0m 3.814 ms - -[0m
[0mGET /js/bootstrap.min.js.map [36m304[0m 0.576 ms - -[0m
[0mGET /cssa/bootstrap.min.css.map [36m304[0m 0.648 ms - -[0m
[0mGET / [36m304[0m 30.763 ms - -[0m
[0mGET /js/bootstrap.min.js [36m304[0m 1.601 ms - -[0m
[0mGET /cssa/bootstrap.min.css [36m304[0m 3.423 ms - -[0m
[0mGET /js/bootstrap.min.js.map [36m304[0m 0.506 ms - -[0m
[0mGET /cssa/bootstrap.min.css.map [36m304[0m 0.345 ms - -[0m
[0mGET / [36m304[0m 34.562 ms - -[0m
[0mGET /js/bootstrap.min.js [36m304[0m 1.143 ms - -[0m
[0mGET /cssa/bootstrap.min.css [36m304[0m 2.912 ms - -[0m
[0mGET /js/bootstrap.min.js.map [36m304[0m 0.442 ms - -[0m
[0mGET /cssa/bootstrap.min.css.map [36m304[0m 1.492 ms - -[0m
[0mGET / [36m304[0m 30.223 ms - -[0m
[0mGET /js/bootstrap.min.js [36m304[0m 2.093 ms - -[0m
[0mGET /cssa/bootstrap.min.css [36m304[0m 2.499 ms - -[0m
[0mGET /js/bootstrap.min.js.map [36m304[0m 0.758 ms - -[0m
[0mGET /cssa/bootstrap.min.css.map [36m304[0m 0.845 ms - -[0m
[0mGET / [36m304[0m 40.589 ms - -[0m
[0mGET /js/bootstrap.min.js [36m304[0m 1.489 ms - -[0m
[0mGET /cssa/bootstrap.min.css [36m304[0m 3.147 ms - -[0m
[0mGET /js/bootstrap.min.js.map [36m304[0m 0.436 ms - -[0m
[0mGET /cssa/bootstrap.min.css.map [36m304[0m 0.412 ms - -[0m
[0mGET / [36m304[0m 43.559 ms - -[0m
[0mGET /js/bootstrap.min.js [36m304[0m 1.498 ms - -[0m
[0mGET /cssa/bootstrap.min.css [36m304[0m 3.705 ms - -[0m
[0mGET /js/bootstrap.min.js.map [36m304[0m 0.440 ms - -[0m
[0mGET /cssa/bootstrap.min.css.map [36m304[0m 0.422 ms - -[0m
[0mGET / [36m304[0m 41.286 ms - -[0m
[0mGET /js/bootstrap.min.js [36m304[0m 1.233 ms - -[0m
[0mGET /cssa/bootstrap.min.css [36m304[0m 3.894 ms - -[0m
[0mGET /js/bootstrap.min.js.map [36m304[0m 0.447 ms - -[0m
[0mGET /cssa/bootstrap.min.css.map [36m304[0m 0.405 ms - -[0m
[0mGET / [36m304[0m 30.270 ms - -[0m
[0mGET /js/bootstrap.min.js [36m304[0m 1.662 ms - -[0m
[0mGET /cssa/bootstrap.min.css [36m304[0m 4.005 ms - -[0m
[0mGET /js/bootstrap.min.js.map [36m304[0m 0.796 ms - -[0m
[0mGET /cssa/bootstrap.min.css.map [36m304[0m 0.496 ms - -[0m
[0mGET / [36m304[0m 20.044 ms - -[0m
[0mGET /cssa/bootstrap.min.css [36m304[0m 0.536 ms - -[0m
[0mGET /js/bootstrap.min.js [36m304[0m 2.703 ms - -[0m
[0mGET /js/bootstrap.min.js.map [36m304[0m 0.851 ms - -[0m
[0mGET /cssa/bootstrap.min.css.map [36m304[0m 0.362 ms - -[0m
[0mGET / [32m200[0m 31.804 ms - 10904[0m
[0mGET /cssa/bootstrap.min.css [36m304[0m 7.661 ms - -[0m
[0mGET /js/bootstrap.min.js [36m304[0m 4.284 ms - -[0m
[0mGET /cssa/bootstrap.min.css.map [32m200[0m 0.620 ms - 588931[0m
[0mGET /js/bootstrap.min.js.map [36m304[0m 0.467 ms - -[0m
[0mGET / [36m304[0m 79.793 ms - -[0m
[0mGET /cssa/bootstrap.min.css [36m304[0m 2.991 ms - -[0m
[0mGET /js/bootstrap.min.js [36m304[0m 4.154 ms - -[0m
[0mGET /cssa/bootstrap.min.css.map [32m200[0m 1.261 ms - 588931[0m
[0mGET /js/bootstrap.min.js.map [36m304[0m 0.800 ms - -[0m
[0mGET / [36m304[0m 64.104 ms - -[0m
[0mGET /js/bootstrap.min.js [36m304[0m 2.870 ms - -[0m
[0mGET /cssa/bootstrap.min.css [36m304[0m 6.275 ms - -[0m
[0mGET /cssa/bootstrap.min.css.map [36m304[0m 0.677 ms - -[0m
[0mGET /js/bootstrap.min.js.map [36m304[0m 0.562 ms - -[0m
[0mPOST /comments/create [32m200[0m 25.254 ms - 355[0m
[0mPOST /comments/create [32m200[0m 18.889 ms - 355[0m
[0mPOST /comments/create [32m200[0m 27.747 ms - 361[0m
[0mGET / [32m200[0m 78.425 ms - 12089[0m
[0mGET /js/bootstrap.min.js [36m304[0m 4.858 ms - -[0m
[0mGET /cssa/bootstrap.min.css [36m304[0m 8.062 ms - -[0m
[0mGET /cssa/bootstrap.min.css.map [36m304[0m 0.649 ms - -[0m
[0mGET /js/bootstrap.min.js.map [36m304[0m 0.794 ms - -[0m
[0mPOST /comments/create [32m200[0m 25.377 ms - 354[0m
[0mGET / [32m200[0m 29.096 ms - 6867[0m
[0mGET /cssa/bootstrap.min.css [36m304[0m 0.508 ms - -[0m
[0mGET /js/bootstrap.min.js [36m304[0m 0.593 ms - -[0m
[0mGET /users/sign-in [36m304[0m 8.293 ms - -[0m
[0mGET /users/css/layout.css [33m404[0m 2.284 ms - 159[0m
[0mGET /cssa/bootstrap.min.css [36m304[0m 1.082 ms - -[0m
[0mGET /js/bootstrap.min.js [36m304[0m 1.015 ms - -[0m
[0mGET /users/auth/google [36m302[0m 10.932 ms - 0[0m
[0mGET /users/auth/google/callback?code=4%2F0Adeu5BV_9T1TaVxXc0ICcEnjz5TnZS6TuvkfjwYUAiOSZt6e2xUFPVyzo2ZFWKfevG4HFQ&scope=email+profile+https%3A%2F%2Fwww.googleapis.com%2Fauth%2Fuserinfo.profile+https%3A%2F%2Fwww.googleapis.com%2Fauth%2Fuserinfo.email+openid&authuser=1&prompt=consent [36m302[0m 607.099 ms - 46[0m
[0mGET / [32m200[0m 45.504 ms - 12481[0m
[0mGET /cssa/bootstrap.min.css [36m304[0m 0.807 ms - -[0m
[0mGET /js/bootstrap.min.js [36m304[0m 1.048 ms - -[0m
[0mGET / [32m200[0m 46.882 ms - 13557[0m
[0mGET /js/bootstrap.min.js [36m304[0m 2.338 ms - -[0m
[0mGET /cssa/bootstrap.min.css [36m304[0m 4.234 ms - -[0m
[0mGET / [32m200[0m 36.957 ms - 13692[0m
[0mGET /cssa/bootstrap.min.css [36m304[0m 3.197 ms - -[0m
[0mGET /js/bootstrap.min.js [36m304[0m 1.921 ms - -[0m
[0mGET / [36m304[0m 39.439 ms - -[0m
[0mGET /cssa/bootstrap.min.css [36m304[0m 2.659 ms - -[0m
[0mGET /js/bootstrap.min.js [36m304[0m 1.450 ms - -[0m
[0mGET / [36m304[0m 53.608 ms - -[0m
[0mGET /js/bootstrap.min.js [36m304[0m 0.823 ms - -[0m
[0mGET /cssa/bootstrap.min.css [36m304[0m 2.511 ms - -[0m
[0mGET / [36m304[0m 32.697 ms - -[0m
[0mGET /js/bootstrap.min.js [36m304[0m 1.199 ms - -[0m
[0mGET /cssa/bootstrap.min.css [36m304[0m 1.562 ms - -[0m
[0mGET / [36m304[0m 52.466 ms - -[0m
[0mGET /cssa/bootstrap.min.css [36m304[0m 0.949 ms - -[0m
[0mGET /js/bootstrap.min.js [36m304[0m 1.262 ms - -[0m
[0mGET / [36m304[0m 49.952 ms - -[0m
[0mGET /js/bootstrap.min.js [36m304[0m 1.458 ms - -[0m
[0mGET /cssa/bootstrap.min.css [36m304[0m 1.765 ms - -[0m
[0mGET / [36m304[0m 38.603 ms - -[0m
[0mGET /cssa/bootstrap.min.css [36m304[0m 1.899 ms - -[0m
[0mGET /js/bootstrap.min.js [36m304[0m 2.158 ms - -[0m
[0mGET / [36m304[0m 54.472 ms - -[0m
[0mGET /js/bootstrap.min.js [36m304[0m 1.539 ms - -[0m
[0mGET /cssa/bootstrap.min.css [36m304[0m 1.908 ms - -[0m
[0mGET / [36m304[0m 45.248 ms - -[0m
[0mGET /cssa/bootstrap.min.css [36m304[0m 1.899 ms - -[0m
[0mGET /js/bootstrap.min.js [36m304[0m 2.544 ms - -[0m
[0mGET / [36m304[0m 37.674 ms - -[0m
[0mGET /cssa/bootstrap.min.css [36m304[0m 0.744 ms - -[0m
[0mGET /js/bootstrap.min.js [36m304[0m 1.479 ms - -[0m
[0mGET / [36m304[0m 37.219 ms - -[0m
[0mGET /cssa/bootstrap.min.css [36m304[0m 3.646 ms - -[0m
[0mGET /js/bootstrap.min.js [36m304[0m 1.640 ms - -[0m
[0mGET / [32m200[0m 42.389 ms - 14403[0m
[0mGET /js/bootstrap.min.js [36m304[0m 2.310 ms - -[0m
[0mGET /cssa/bootstrap.min.css [36m304[0m 3.099 ms - -[0m
[0mGET / [36m304[0m 49.000 ms - -[0m
[0mGET /js/bootstrap.min.js [36m304[0m 1.561 ms - -[0m
[0mGET /cssa/bootstrap.min.css [36m304[0m 3.156 ms - -[0m
[0mGET / [32m200[0m 68.780 ms - 6867[0m
[0mGET /cssa/bootstrap.min.css [32m200[0m 4.628 ms - 232855[0m
[0mGET /js/bootstrap.min.js [32m200[0m 1.983 ms - 60582[0m
[0mGET /favicon.ico [33m404[0m 1.679 ms - 150[0m
[0mGET /users/sign-in [36m304[0m 11.766 ms - -[0m
[0mGET /users/css/layout.css [33m404[0m 3.025 ms - 159[0m
[0mGET /js/bootstrap.min.js [36m304[0m 2.240 ms - -[0m
[0mGET /cssa/bootstrap.min.css [36m304[0m 2.654 ms - -[0m
[0mGET /users/auth/google [36m302[0m 8.488 ms - 0[0m
[0mGET /users/auth/google/callback?code=4%2F0Adeu5BWsteIGiJRb79M90y6o1rGbt4JkcO9km67b1HPSDkMUyjLYMBF3guXenlU7yNBH9w&scope=email+profile+https%3A%2F%2Fwww.googleapis.com%2Fauth%2Fuserinfo.profile+https%3A%2F%2Fwww.googleapis.com%2Fauth%2Fuserinfo.email+openid&authuser=1&prompt=consent [36m302[0m 1094.822 ms - 46[0m
[0mGET / [32m200[0m 36.666 ms - 14403[0m
[0mGET /js/bootstrap.min.js [36m304[0m 4.010 ms - -[0m
[0mGET /cssa/bootstrap.min.css [36m304[0m 2.314 ms - -[0m
[0mGET /likes/toggle/?type=Comment&id=64e646f79e9dc518d79d6585 [36m302[0m 48.326 ms - 46[0m
[0mGET / [32m200[0m 30.533 ms - 14403[0m
[0mGET /cssa/bootstrap.min.css [36m304[0m 2.001 ms - -[0m
[0mGET /js/bootstrap.min.js [36m304[0m 3.207 ms - -[0m
[0mGET /likes/toggle/?type=Comment&id=64e646f79e9dc518d79d6585 [36m302[0m 42.028 ms - 46[0m
[0mGET / [32m200[0m 29.623 ms - 14403[0m
[0mGET /cssa/bootstrap.min.css [36m304[0m 3.255 ms - -[0m
[0mGET /js/bootstrap.min.js [36m304[0m 3.783 ms - -[0m
[0mGET /likes/toggle/?type=Comment&id=64e646f79e9dc518d79d6585 [36m302[0m 26.615 ms - 46[0m
[0mGET / [32m200[0m 27.922 ms - 14403[0m
[0mGET /cssa/bootstrap.min.css [36m304[0m 1.711 ms - -[0m
[0mGET /js/bootstrap.min.js [36m304[0m 1.477 ms - -[0m
[0mGET /likes/toggle/?type=Comment&id=64e646f79e9dc518d79d6585 [36m302[0m 33.732 ms - 46[0m
[0mGET / [32m200[0m 35.028 ms - 14403[0m
[0mGET /cssa/bootstrap.min.css [36m304[0m 1.822 ms - -[0m
[0mGET /js/bootstrap.min.js [36m304[0m 1.930 ms - -[0m
[0mGET /likes/toggle/?type=Comment&id=64e646f79e9dc518d79d6585 [36m302[0m 20.052 ms - 46[0m
[0mGET / [32m200[0m 26.949 ms - 14403[0m
[0mGET /js/bootstrap.min.js [36m304[0m 2.577 ms - -[0m
[0mGET /cssa/bootstrap.min.css [36m304[0m 2.292 ms - -[0m
[0mGET /likes/toggle/?type=Comment&id=64e646f79e9dc518d79d6585 [36m302[0m 35.808 ms - 46[0m
[0mGET / [32m200[0m 28.296 ms - 14403[0m
[0mGET /js/bootstrap.min.js [36m304[0m 1.316 ms - -[0m
[0mGET /cssa/bootstrap.min.css [36m304[0m 3.135 ms - -[0m
[0mGET /likes/toggle/?type=Comment&id=64e646f79e9dc518d79d6585 [36m302[0m 28.117 ms - 46[0m
[0mGET / [32m200[0m 30.997 ms - 14403[0m
[0mGET /cssa/bootstrap.min.css [36m304[0m 2.088 ms - -[0m
[0mGET /js/bootstrap.min.js [36m304[0m 1.632 ms - -[0m
[0mGET /likes/toggle/?type=Comment&id=64e646f79e9dc518d79d6585 [36m302[0m 28.623 ms - 46[0m
[0mGET / [32m200[0m 26.721 ms - 14403[0m
[0mGET /js/bootstrap.min.js [36m304[0m 2.543 ms - -[0m
[0mGET /cssa/bootstrap.min.css [36m304[0m 1.564 ms - -[0m
[0mGET /likes/toggle/?type=Comment&id=64e646f79e9dc518d79d6585 [36m302[0m 17.732 ms - 46[0m
[0mGET / [32m200[0m 27.315 ms - 14403[0m
[0mGET /js/bootstrap.min.js [36m304[0m 2.529 ms - -[0m
[0mGET /cssa/bootstrap.min.css [36m304[0m 3.008 ms - -[0m
[0mGET / [32m200[0m 78.563 ms - 15113[0m
[0mGET /js/bootstrap.min.js [36m304[0m 7.890 ms - -[0m
[0mGET /cssa/bootstrap.min.css [36m304[0m 7.592 ms - -[0m
[0mGET /Static/css/_posts.css [33m404[0m 24.332 ms - 160[0m
[0mGET /Static/css/_posts.css [33m404[0m 4.039 ms - 160[0m
[0mGET / [36m304[0m 49.216 ms - -[0m
[0mGET /cssa/bootstrap.min.css [36m304[0m 1.845 ms - -[0m
[0mGET /js/bootstrap.min.js [36m304[0m 4.826 ms - -[0m
[0mGET /Static/css/_posts.css [33m404[0m 14.310 ms - 160[0m
[0mGET /Static/css/_posts.css [33m404[0m 4.263 ms - 160[0m
[0mGET / [36m304[0m 57.307 ms - -[0m
[0mGET /cssa/bootstrap.min.css [36m304[0m 5.138 ms - -[0m
[0mGET /js/bootstrap.min.js [36m304[0m 5.437 ms - -[0m
[0mGET /Static/css/_posts.css [33m404[0m 18.192 ms - 160[0m
[0mGET /Static/css/_posts.css [33m404[0m 5.107 ms - 160[0m
[0mGET / [36m304[0m 29.178 ms - -[0m
[0mGET /js/bootstrap.min.js [36m304[0m 4.538 ms - -[0m
[0mGET /cssa/bootstrap.min.css [36m304[0m 4.589 ms - -[0m
[0mGET /Static/css/_posts.css [33m404[0m 13.242 ms - 160[0m
[0mGET /Static/css/_posts.css [33m404[0m 4.028 ms - 160[0m
[0mGET / [36m304[0m 29.543 ms - -[0m
[0mGET /cssa/bootstrap.min.css [36m304[0m 4.881 ms - -[0m
[0mGET /js/bootstrap.min.js [36m304[0m 1.593 ms - -[0m
[0mGET /Static/css/_posts.css [33m404[0m 13.508 ms - 160[0m
[0mGET /Static/css/_posts.css [33m404[0m 3.961 ms - 160[0m
[0mGET / [36m304[0m 51.503 ms - -[0m
[0mGET /cssa/bootstrap.min.css [36m304[0m 3.434 ms - -[0m
[0mGET /js/bootstrap.min.js [36m304[0m 3.839 ms - -[0m
[0mGET /Static/css/_posts.css [33m404[0m 13.974 ms - 160[0m
[0mGET /Static/css/_posts.css [33m404[0m 3.661 ms - 160[0m
[0mGET / [36m304[0m 43.268 ms - -[0m
[0mGET /cssa/bootstrap.min.css [36m304[0m 4.475 ms - -[0m
[0mGET /js/bootstrap.min.js [36m304[0m 1.822 ms - -[0m
[0mGET /Static/css/_posts.css [33m404[0m 12.378 ms - 160[0m
[0mGET /Static/css/_posts.css [33m404[0m 4.101 ms - 160[0m
[0mGET / [36m304[0m 32.854 ms - -[0m
[0mGET /js/bootstrap.min.js [36m304[0m 1.293 ms - -[0m
[0mGET /cssa/bootstrap.min.css [36m304[0m 5.690 ms - -[0m
[0mGET /Static/css/_posts.css [33m404[0m 11.126 ms - 160[0m
[0mGET /Static/css/_posts.css [33m404[0m 3.609 ms - 160[0m
[0mGET / [36m304[0m 33.901 ms - -[0m
[0mGET /cssa/bootstrap.min.css [36m304[0m 4.571 ms - -[0m
[0mGET /js/bootstrap.min.js [36m304[0m 1.428 ms - -[0m
[0mGET /Static/css/_posts.css [33m404[0m 13.319 ms - 160[0m
[0mGET /Static/css/_posts.css [33m404[0m 4.814 ms - 160[0m
[0mGET / [36m304[0m 34.314 ms - -[0m
[0mGET /cssa/bootstrap.min.css [36m304[0m 2.166 ms - -[0m
[0mGET /js/bootstrap.min.js [36m304[0m 5.153 ms - -[0m
[0mGET /Static/css/_posts.css [33m404[0m 16.073 ms - 160[0m
[0mGET /Static/css/_posts.css [33m404[0m 3.598 ms - 160[0m
[0mGET / [36m304[0m 35.347 ms - -[0m
[0mGET /cssa/bootstrap.min.css [36m304[0m 2.283 ms - -[0m
[0mGET /js/bootstrap.min.js [36m304[0m 1.866 ms - -[0m
[0mGET /Static/css/_posts.css [33m404[0m 14.781 ms - 160[0m
[0mGET /Static/css/_posts.css [33m404[0m 4.631 ms - 160[0m
[0mGET / [36m304[0m 31.351 ms - -[0m
[0mGET /js/bootstrap.min.js [36m304[0m 0.943 ms - -[0m
[0mGET /cssa/bootstrap.min.css [36m304[0m 3.657 ms - -[0m
[0mGET /Static/css/_posts.css [33m404[0m 12.420 ms - 160[0m
[0mGET /Static/css/_posts.css [33m404[0m 4.782 ms - 160[0m
[0mGET / [36m304[0m 28.577 ms - -[0m
[0mGET /js/bootstrap.min.js [36m304[0m 1.037 ms - -[0m
[0mGET /cssa/bootstrap.min.css [36m304[0m 5.868 ms - -[0m
[0mGET /Static/css/_posts.css [33m404[0m 12.883 ms - 160[0m
[0mGET /Static/css/_posts.css [33m404[0m 3.463 ms - 160[0m
[0mGET / [36m304[0m 45.343 ms - -[0m
[0mGET /cssa/bootstrap.min.css [36m304[0m 0.939 ms - -[0m
[0mGET /js/bootstrap.min.js [36m304[0m 4.711 ms - -[0m
[0mGET /Static/css/_posts.css [33m404[0m 11.896 ms - 160[0m
[0mGET /Static/css/_posts.css [33m404[0m 5.523 ms - 160[0m
[0mGET / [32m200[0m 37.974 ms - 15059[0m
[0mGET /js/bootstrap.min.js [36m304[0m 4.000 ms - -[0m
[0mGET /Static/css/_posts.css [33m404[0m 14.090 ms - 160[0m
[0mGET /cssa/bootstrap.min.css [32m200[0m 9.796 ms - 232855[0m
[0mGET /Static/css/_posts.css [33m404[0m 3.826 ms - 160[0m
[0mGET / [36m304[0m 42.132 ms - -[0m
[0mGET /js/bootstrap.min.js [36m304[0m 1.036 ms - -[0m
[0mGET /cssa/bootstrap.min.css [36m304[0m 4.785 ms - -[0m
[0mGET /Static/css/_posts.css [33m404[0m 10.528 ms - 160[0m
[0mGET /Static/css/_posts.css [33m404[0m 4.136 ms - 160[0m
[0mGET / [32m200[0m 56.565 ms - 15029[0m
[0mGET /js/bootstrap.min.js [36m304[0m 3.471 ms - -[0m
[0mGET /cssa/bootstrap.min.css [36m304[0m 2.449 ms - -[0m
[0mGET / [36m304[0m 47.028 ms - -[0m
[0mGET /cssa/bootstrap.min.css [36m304[0m 2.085 ms - -[0m
[0mGET /js/bootstrap.min.js [36m304[0m 2.530 ms - -[0m
[0mGET / [36m304[0m 64.811 ms - -[0m
[0mGET /cssa/bootstrap.min.css [36m304[0m 3.961 ms - -[0m
[0mGET /js/bootstrap.min.js [36m304[0m 1.307 ms - -[0m
[0mGET / [36m304[0m 47.210 ms - -[0m
[0mGET /js/bootstrap.min.js [36m304[0m 5.783 ms - -[0m
[0mGET /cssa/bootstrap.min.css [36m304[0m 5.543 ms - -[0m
[0mGET / [36m304[0m 29.808 ms - -[0m
[0mGET /cssa/bootstrap.min.css [36m304[0m 1.486 ms - -[0m
[0mGET /js/bootstrap.min.js [36m304[0m 2.397 ms - -[0m
[0mGET / [36m304[0m 44.147 ms - -[0m
[0mGET /js/bootstrap.min.js [36m304[0m 2.765 ms - -[0m
[0mGET /cssa/bootstrap.min.css [36m304[0m 5.093 ms - -[0m
[0mGET / [36m304[0m 52.456 ms - -[0m
[0mGET /js/bootstrap.min.js [36m304[0m 3.421 ms - -[0m
[0mGET /cssa/bootstrap.min.css [36m304[0m 3.503 ms - -[0m
[0mGET / [36m304[0m 24.126 ms - -[0m
[0mGET /js/bootstrap.min.js [36m304[0m 1.258 ms - -[0m
[0mGET /cssa/bootstrap.min.css [36m304[0m 2.994 ms - -[0m
[0mGET / [36m304[0m 28.263 ms - -[0m
[0mGET /js/bootstrap.min.js [36m304[0m 1.807 ms - -[0m
[0mGET /cssa/bootstrap.min.css [36m304[0m 3.459 ms - -[0m
