[0mGET / [32m200[0m 64.058 ms - 6343[0m
[0mGET /cssa/bootstrap.min.css [32m200[0m 3.830 ms - 232855[0m
[0mGET /js/bootstrap.min.js [32m200[0m 1.585 ms - 60582[0m
[0mGET /favicon.ico [33m404[0m 2.148 ms - 150[0m
[0mGET /users/sign-in [32m200[0m 13.744 ms - 2255[0m
[0mGET /users/css/layout.css [33m404[0m 5.715 ms - 159[0m
[0mGET /users/css/sign-in.css [33m404[0m 6.119 ms - 160[0m
[0mGET /js/bootstrap.min.js [36m304[0m 2.183 ms - -[0m
[0mGET /cssa/bootstrap.min.css [36m304[0m 3.938 ms - -[0m
[0mGET /users/css/sign-in.css [33m404[0m 1.105 ms - 160[0m
[0mGET /users/sign-in [32m200[0m 9.709 ms - 2200[0m
[0mGET /users/css/layout.css [33m404[0m 1.331 ms - 159[0m
[0mGET /cssa/bootstrap.min.css [36m304[0m 0.590 ms - -[0m
[0mGET /js/bootstrap.min.js [36m304[0m 0.742 ms - -[0m
[0mGET /users/sign-in [36m304[0m 8.115 ms - -[0m
[0mGET /users/css/layout.css [33m404[0m 1.039 ms - 159[0m
[0mGET /cssa/bootstrap.min.css [36m304[0m 1.595 ms - -[0m
[0mGET /js/bootstrap.min.js [36m304[0m 0.839 ms - -[0m
[0mGET /users/sign-in [36m304[0m 5.972 ms - -[0m
[0mGET /users/css/layout.css [33m404[0m 2.280 ms - 159[0m
[0mGET /cssa/bootstrap.min.css [36m304[0m 0.787 ms - -[0m
[0mGET /js/bootstrap.min.js [36m304[0m 1.885 ms - -[0m
[0mGET /users/sign-in [32m200[0m 10.285 ms - 2198[0m
[0mGET /users/css/layout.css [33m404[0m 0.824 ms - 159[0m
[0mGET /cssa/bootstrap.min.css [36m304[0m 0.452 ms - -[0m
[0mGET /js/bootstrap.min.js [36m304[0m 0.944 ms - -[0m
[0mGET /users/sign-up [32m200[0m 4.415 ms - 1984[0m
[0mGET /users/css/layout.css [33m404[0m 0.964 ms - 159[0m
[0mGET /js/bootstrap.min.js [36m304[0m 0.534 ms - -[0m
[0mGET /cssa/bootstrap.min.css [36m304[0m 0.908 ms - -[0m
[0mGET /users/sign-up [32m200[0m 10.008 ms - 1987[0m
[0mGET /users/'/css/layout.css' [33m404[0m 1.153 ms - 170[0m
[0mGET /cssa/bootstrap.min.css [36m304[0m 1.003 ms - -[0m
[0mGET /js/bootstrap.min.js [36m304[0m 1.376 ms - -[0m
[0mGET /users/sign-up [36m304[0m 7.774 ms - -[0m
[0mGET /users/'/css/layout.css' [33m404[0m 1.674 ms - 170[0m
[0mGET /cssa/bootstrap.min.css [36m304[0m 1.344 ms - -[0m
[0mGET /js/bootstrap.min.js [36m304[0m 0.875 ms - -[0m
[0mGET /users/sign-up [36m304[0m 11.066 ms - -[0m
[0mGET /users/'/css/layout.css' [33m404[0m 1.401 ms - 170[0m
[0mGET /cssa/bootstrap.min.css [36m304[0m 1.360 ms - -[0m
[0mGET /js/bootstrap.min.js [36m304[0m 0.465 ms - -[0m
[0mGET /users/sign-up [36m304[0m 6.431 ms - -[0m
[0mGET /users/'/css/layout.css' [33m404[0m 1.358 ms - 170[0m
[0mGET /cssa/bootstrap.min.css [36m304[0m 0.969 ms - -[0m
[0mGET /js/bootstrap.min.js [36m304[0m 0.755 ms - -[0m
[0mGET /users/sign-up [36m304[0m 4.886 ms - -[0m
[0mGET /users/'/css/layout.css' [33m404[0m 1.199 ms - 170[0m
[0mGET /js/bootstrap.min.js [36m304[0m 0.863 ms - -[0m
[0mGET /cssa/bootstrap.min.css [36m304[0m 1.422 ms - -[0m
[0mGET /users/sign-up [36m304[0m 7.537 ms - -[0m
[0mGET /users/'/css/layout.css' [33m404[0m 1.076 ms - 170[0m
[0mGET /js/bootstrap.min.js [36m304[0m 0.588 ms - -[0m
[0mGET /cssa/bootstrap.min.css [36m304[0m 0.851 ms - -[0m
[0mGET /users/sign-up [32m200[0m 16.304 ms - 1996[0m
[0mGET /js/bootstrap.min.js [36m304[0m 2.534 ms - -[0m
[0mGET /cssa/bootstrap.min.css [36m304[0m 4.413 ms - -[0m
[0mGET /css/layout-44164934e4.css [33m404[0m 3.627 ms - 164[0m
[0mGET /users/sign-up [36m304[0m 12.403 ms - -[0m
[0mGET /css/layout-44164934e4.css [33m404[0m 3.060 ms - 164[0m
[0mGET /js/bootstrap.min.js [36m304[0m 1.601 ms - -[0m
[0mGET /cssa/bootstrap.min.css [36m304[0m 2.158 ms - -[0m
[0mGET /users/sign-up [36m304[0m 6.872 ms - -[0m
[0mGET /js/bootstrap.min.js [36m304[0m 1.764 ms - -[0m
[0mGET /css/layout-44164934e4.css [33m404[0m 2.732 ms - 164[0m
[0mGET /cssa/bootstrap.min.css [36m304[0m 3.035 ms - -[0m
[0mGET / [32m200[0m 70.009 ms - 6403[0m
[0mGET /css/layout-44164934e4.css [33m404[0m 0.814 ms - 164[0m
[0mGET /css/home-e1c06d85ae.css [33m404[0m 1.213 ms - 162[0m
[0mGET /cssa/bootstrap.min.css [36m304[0m 5.010 ms - -[0m
[0mGET /js/bootstrap.min.js [36m304[0m 2.476 ms - -[0m
[0mGET /css/_chatBox-355dfc9ede.css [33m404[0m 7.161 ms - 166[0m
[0mGET /js/homeScript-9ad907f123.js [33m404[0m 9.511 ms - 166[0m
[0mGET /js/chat_engine-55cf2e2b92.js [33m404[0m 7.406 ms - 167[0m
[0mGET /css/home-e1c06d85ae.css [33m404[0m 0.685 ms - 162[0m
[0mGET /css/_chatBox-355dfc9ede.css [33m404[0m 0.691 ms - 166[0m
[0mGET / [32m200[0m 58.055 ms - 6343[0m
[0mGET /js/bootstrap.min.js [36m304[0m 3.052 ms - -[0m
[0mGET /cssa/bootstrap.min.css [36m304[0m 3.899 ms - -[0m
[0mGET /users/sign-in [36m304[0m 4.678 ms - -[0m
[0mGET /users/css/layout.css [33m404[0m 6.952 ms - 159[0m
[0mGET /cssa/bootstrap.min.css [36m304[0m 1.996 ms - -[0m
[0mGET /js/bootstrap.min.js [36m304[0m 0.437 ms - -[0m
[0mGET / [36m304[0m 45.042 ms - -[0m
[0mGET /cssa/bootstrap.min.css [36m304[0m 0.591 ms - -[0m
[0mGET /js/bootstrap.min.js [36m304[0m 4.714 ms - -[0m
[0mGET /users/sign-in [36m304[0m 7.565 ms - -[0m
[0mGET /users/css/layout.css [33m404[0m 2.012 ms - 159[0m
[0mGET /js/bootstrap.min.js [36m304[0m 0.870 ms - -[0m
[0mGET /cssa/bootstrap.min.css [36m304[0m 1.736 ms - -[0m
[0mGET /users/auth/google [36m302[0m 8.593 ms - 0[0m
[0mGET /users/auth/google/callback?code=4%2F0Adeu5BVAwrln_XGZQFBLZnPZtCPrY1q8j-ZZsV64b7hDKBJDwc87jQbOad12CRIkizKo-A&scope=email+profile+https%3A%2F%2Fwww.googleapis.com%2Fauth%2Fuserinfo.profile+https%3A%2F%2Fwww.googleapis.com%2Fauth%2Fuserinfo.email+openid&authuser=1&prompt=consent [36m302[0m 872.129 ms - 46[0m
[0mGET / [32m200[0m 47.691 ms - 11113[0m
[0mGET /cssa/bootstrap.min.css [36m304[0m 3.040 ms - -[0m
[0mGET /js/bootstrap.min.js [36m304[0m 3.522 ms - -[0m
[0mGET /users/profile/64c4b3a433d690b64f0ef77c [32m200[0m 34.668 ms - 2308[0m
[0mGET /js/bootstrap.min.js [36m304[0m 1.007 ms - -[0m
[0mGET /cssa/bootstrap.min.css [36m304[0m 7.543 ms - -[0m
[0mGET /users/profile/css/layout.css [33m404[0m 11.146 ms - 167[0m
[0mGET / [36m304[0m 48.594 ms - -[0m
[0mGET /cssa/bootstrap.min.css [36m304[0m 2.821 ms - -[0m
[0mGET /js/bootstrap.min.js [36m304[0m 3.383 ms - -[0m
[0mGET / [32m200[0m 42.699 ms - 6343[0m
[0mGET /js/bootstrap.min.js [36m304[0m 2.527 ms - -[0m
[0mGET /cssa/bootstrap.min.css [36m304[0m 1.865 ms - -[0m
[0mGET /users/sign-in [32m200[0m 9.456 ms - 2164[0m
[0mGET /users/css/layout.css [33m404[0m 0.953 ms - 159[0m
[0mGET /js/bootstrap.min.js [36m304[0m 0.822 ms - -[0m
[0mGET /cssa/bootstrap.min.css [36m304[0m 0.952 ms - -[0m
[0mGET /users/auth/google [36m302[0m 2.421 ms - 0[0m
[0mGET /users/auth/google/callback?code=4%2F0Adeu5BVqI1KrP8plJ_CAJi6RhLGeBl0HEP7Dfd8dkERbiDkRPpp6TiEoa92csyn1L5pp9A&scope=email+profile+https%3A%2F%2Fwww.googleapis.com%2Fauth%2Fuserinfo.profile+https%3A%2F%2Fwww.googleapis.com%2Fauth%2Fuserinfo.email+openid&authuser=1&prompt=consent [36m302[0m 754.223 ms - 46[0m
[0mGET / [32m200[0m 43.515 ms - 11113[0m
[0mGET /cssa/bootstrap.min.css [36m304[0m 0.856 ms - -[0m
[0mGET /js/bootstrap.min.js [36m304[0m 1.217 ms - -[0m
[0mGET /cssa/bootstrap.min.css [36m304[0m 1.710 ms - -[0m
[0mGET /js/bootstrap.min.js.map [32m200[0m 2.618 ms - 220293[0m
[0mGET /cssa/bootstrap.min.css.map [32m200[0m 1.264 ms - 588931[0m
[0mGET / [32m200[0m 37.285 ms - 11147[0m
[0mGET /cssa/bootstrap.min.css [36m304[0m 1.350 ms - -[0m
[0mGET /js/bootstrap.min.js [36m304[0m 0.676 ms - -[0m
[0mGET /js/bootstrap.min.js.map [36m304[0m 0.588 ms - -[0m
[0mGET /cssa/bootstrap.min.css.map [36m304[0m 0.275 ms - -[0m
[0mGET / [32m200[0m 62.569 ms - 11172[0m
[0mGET /cssa/bootstrap.min.css [36m304[0m 5.399 ms - -[0m
[0mGET /js/bootstrap.min.js [36m304[0m 1.525 ms - -[0m
[0mGET /users/profile/64d2d0938ee4ce2e10bd53e4 [32m200[0m 43.751 ms - 2083[0m
[0mGET /js/bootstrap.min.js [36m304[0m 10.074 ms - -[0m
[0mGET /cssa/bootstrap.min.css [36m304[0m 3.603 ms - -[0m
[0mGET /users/profile/css/layout.css [33m404[0m 21.465 ms - 167[0m
[0mGET / [36m304[0m 44.606 ms - -[0m
[0mGET /js/bootstrap.min.js [36m304[0m 2.255 ms - -[0m
[0mGET /cssa/bootstrap.min.css [36m304[0m 2.313 ms - -[0m
[0mGET /users/profile/648c49f2b2addf5964e3d3bb [32m200[0m 27.972 ms - 2044[0m
[0mGET /js/bootstrap.min.js [36m304[0m 1.676 ms - -[0m
[0mGET /cssa/bootstrap.min.css [36m304[0m 5.679 ms - -[0m
[0mGET /users/profile/css/layout.css [33m404[0m 11.926 ms - 167[0m
[0mGET / [36m304[0m 54.209 ms - -[0m
[0mGET /cssa/bootstrap.min.css [36m304[0m 2.090 ms - -[0m
[0mGET /js/bootstrap.min.js [36m304[0m 2.398 ms - -[0m
[0mGET /users/profile/648c49f2b2addf5964e3d3bb [36m304[0m 27.810 ms - -[0m
[0mGET /js/bootstrap.min.js [36m304[0m 4.086 ms - -[0m
[0mGET /cssa/bootstrap.min.css [36m304[0m 3.391 ms - -[0m
[0mGET /users/profile/css/layout.css [33m404[0m 11.003 ms - 167[0m
[0mGET / [36m304[0m 48.558 ms - -[0m
[0mGET /js/bootstrap.min.js [36m304[0m 1.973 ms - -[0m
[0mGET /cssa/bootstrap.min.css [36m304[0m 3.392 ms - -[0m
[0mGET /users/profile/648c49f2b2addf5964e3d3bb [36m304[0m 24.342 ms - -[0m
[0mGET /cssa/bootstrap.min.css [36m304[0m 4.296 ms - -[0m
[0mGET /js/bootstrap.min.js [36m304[0m 4.930 ms - -[0m
[0mGET /users/profile/css/layout.css [33m404[0m 9.824 ms - 167[0m
[0mGET / [36m304[0m 42.263 ms - -[0m
[0mGET /js/bootstrap.min.js [36m304[0m 0.744 ms - -[0m
[0mGET /cssa/bootstrap.min.css [36m304[0m 2.257 ms - -[0m
[0mGET / [36m304[0m 46.754 ms - -[0m
[0mGET /js/bootstrap.min.js [36m304[0m 2.194 ms - -[0m
[0mGET /cssa/bootstrap.min.css [36m304[0m 3.755 ms - -[0m
[0mGET / [32m200[0m 55.094 ms - 6469[0m
[0mGET /js/bootstrap.min.js [36m304[0m 3.495 ms - -[0m
[0mGET /cssa/bootstrap.min.css [36m304[0m 4.083 ms - -[0m
[0mGET /users/sign-in [36m304[0m 10.649 ms - -[0m
[0mGET /users/css/layout.css [33m404[0m 3.750 ms - 159[0m
[0mGET /cssa/bootstrap.min.css [36m304[0m 1.046 ms - -[0m
[0mGET /js/bootstrap.min.js [36m304[0m 1.610 ms - -[0m
[0mGET /users/auth/google [36m302[0m 7.975 ms - 0[0m
[0mGET /users/auth/google/callback?code=4%2F0Adeu5BULehqHYr9q3xYWU940Yj6u5hxMmaTlN26XiweU3U5ttV1qysKrxIlU9MLkeeucuA&scope=email+profile+https%3A%2F%2Fwww.googleapis.com%2Fauth%2Fuserinfo.profile+https%3A%2F%2Fwww.googleapis.com%2Fauth%2Fuserinfo.email+openid&authuser=0&prompt=consent [36m302[0m 730.331 ms - 46[0m
[0mGET / [32m200[0m 36.448 ms - 11304[0m
[0mGET /cssa/bootstrap.min.css [36m304[0m 0.484 ms - -[0m
[0mGET /js/bootstrap.min.js [36m304[0m 2.170 ms - -[0m
[0mGET / [32m200[0m 58.729 ms - 11316[0m
[0mGET /cssa/bootstrap.min.css [36m304[0m 2.293 ms - -[0m
[0mGET /js/bootstrap.min.js [36m304[0m 2.964 ms - -[0m
[0mGET / [36m304[0m 54.687 ms - -[0m
[0mGET /cssa/bootstrap.min.css [36m304[0m 0.336 ms - -[0m
[0mGET /js/bootstrap.min.js [36m304[0m 1.390 ms - -[0m
[0mGET / [32m200[0m 42.396 ms - 11302[0m
[0mGET /cssa/bootstrap.min.css [36m304[0m 3.975 ms - -[0m
[0mGET /js/bootstrap.min.js [36m304[0m 4.319 ms - -[0m
[0mGET / [36m304[0m 48.110 ms - -[0m
[0mGET /cssa/bootstrap.min.css [36m304[0m 2.751 ms - -[0m
[0mGET /js/bootstrap.min.js [36m304[0m 3.085 ms - -[0m
[0mGET / [32m200[0m 55.477 ms - 11303[0m
[0mGET /cssa/bootstrap.min.css [36m304[0m 1.155 ms - -[0m
[0mGET /js/bootstrap.min.js [36m304[0m 2.983 ms - -[0m
[0mGET / [36m304[0m 44.962 ms - -[0m
[0mGET /cssa/bootstrap.min.css [36m304[0m 0.806 ms - -[0m
[0mGET /js/bootstrap.min.js [36m304[0m 0.706 ms - -[0m
[0mGET / [32m200[0m 49.322 ms - 11287[0m
[0mGET /cssa/bootstrap.min.css [36m304[0m 3.902 ms - -[0m
[0mGET /js/bootstrap.min.js [36m304[0m 1.313 ms - -[0m
[0mGET / [36m304[0m 45.794 ms - -[0m
[0mGET /cssa/bootstrap.min.css [36m304[0m 0.515 ms - -[0m
[0mGET /js/bootstrap.min.js [36m304[0m 1.113 ms - -[0m
[0mGET / [36m304[0m 100.852 ms - -[0m
[0mGET /cssa/bootstrap.min.css [36m304[0m 5.048 ms - -[0m
[0mGET /js/bootstrap.min.js [36m304[0m 3.923 ms - -[0m
[0mGET / [36m304[0m 62.410 ms - -[0m
[0mGET /cssa/bootstrap.min.css [36m304[0m 5.712 ms - -[0m
[0mGET /js/bootstrap.min.js [36m304[0m 2.795 ms - -[0m
[0mGET / [36m304[0m 50.710 ms - -[0m
[0mGET /cssa/bootstrap.min.css [36m304[0m 4.575 ms - -[0m
[0mGET /js/bootstrap.min.js [36m304[0m 1.927 ms - -[0m
[0mGET / [36m304[0m 38.544 ms - -[0m
[0mGET /cssa/bootstrap.min.css [36m304[0m 4.813 ms - -[0m
[0mGET /js/bootstrap.min.js [36m304[0m 4.119 ms - -[0m
[0mGET / [36m304[0m 63.226 ms - -[0m
[0mGET /cssa/bootstrap.min.css [36m304[0m 2.850 ms - -[0m
[0mGET /js/bootstrap.min.js [36m304[0m 3.314 ms - -[0m
[0mGET / [32m200[0m 41.006 ms - 11330[0m
[0mGET /cssa/bootstrap.min.css [36m304[0m 1.790 ms - -[0m
[0mGET /js/bootstrap.min.js [36m304[0m 1.575 ms - -[0m
[0mGET / [36m304[0m 50.254 ms - -[0m
[0mGET /cssa/bootstrap.min.css [36m304[0m 0.558 ms - -[0m
[0mGET /js/bootstrap.min.js [36m304[0m 1.988 ms - -[0m
[0mGET /cssa/bootstrap.min.css [36m304[0m 1.603 ms - -[0m
[0mGET /js/bootstrap.min.js.map [32m200[0m 1.433 ms - 220293[0m
[0mGET /cssa/bootstrap.min.css.map [32m200[0m 0.760 ms - 588931[0m
[0mGET / [32m200[0m 44.430 ms - 11342[0m
[0mGET /cssa/bootstrap.min.css [32m200[0m 1.067 ms - 232855[0m
[0mGET /js/bootstrap.min.js [36m304[0m 1.000 ms - -[0m
[0mGET / [36m304[0m 32.638 ms - -[0m
[0mGET /cssa/bootstrap.min.css [36m304[0m 0.464 ms - -[0m
[0mGET /js/bootstrap.min.js [36m304[0m 2.193 ms - -[0m
[0mGET / [36m304[0m 39.313 ms - -[0m
[0mGET /js/bootstrap.min.js [36m304[0m 3.340 ms - -[0m
[0mGET /cssa/bootstrap.min.css [36m304[0m 3.035 ms - -[0m
[0mGET / [36m304[0m 33.597 ms - -[0m
[0mGET /cssa/bootstrap.min.css [36m304[0m 0.426 ms - -[0m
[0mGET /js/bootstrap.min.js [36m304[0m 2.023 ms - -[0m
[0mGET / [32m200[0m 37.173 ms - 6352[0m
[0mGET /cssa/bootstrap.min.css [36m304[0m 0.807 ms - -[0m
[0mGET /js/bootstrap.min.js [36m304[0m 3.311 ms - -[0m
[0mGET /users/sign-in [36m304[0m 7.880 ms - -[0m
[0mGET /users/css/layout.css [33m404[0m 3.828 ms - 159[0m
[0mGET /js/bootstrap.min.js [36m304[0m 1.394 ms - -[0m
[0mGET /cssa/bootstrap.min.css [36m304[0m 2.072 ms - -[0m
[0mGET /users/auth/google [36m302[0m 7.892 ms - 0[0m
[0mGET /users/auth/google/callback?code=4%2F0Adeu5BXVuRjDHNa9q0j7YKz_YbhIn8vaZ5mhyjOu7tor_C2PiiloqZtMpWIorUN5WJwrKA&scope=email+profile+https%3A%2F%2Fwww.googleapis.com%2Fauth%2Fuserinfo.profile+https%3A%2F%2Fwww.googleapis.com%2Fauth%2Fuserinfo.email+openid&authuser=1&prompt=consent [36m302[0m 892.676 ms - 46[0m
[0mGET / [32m200[0m 36.226 ms - 11652[0m
[0mGET /cssa/bootstrap.min.css [32m200[0m 1.761 ms - 232855[0m
[0mGET /js/bootstrap.min.js [36m304[0m 2.484 ms - -[0m
[0mGET / [36m304[0m 31.663 ms - -[0m
[0mGET /cssa/bootstrap.min.css [36m304[0m 3.635 ms - -[0m
[0mGET /js/bootstrap.min.js [36m304[0m 4.939 ms - -[0m
[0mGET / [36m304[0m 34.091 ms - -[0m
[0mGET /cssa/bootstrap.min.css [36m304[0m 3.627 ms - -[0m
[0mGET /js/bootstrap.min.js [36m304[0m 4.162 ms - -[0m
[0mGET / [36m304[0m 36.625 ms - -[0m
[0mGET /js/bootstrap.min.js [36m304[0m 2.671 ms - -[0m
[0mGET /cssa/bootstrap.min.css [36m304[0m 3.129 ms - -[0m
[0mGET / [36m304[0m 52.145 ms - -[0m
[0mGET /js/bootstrap.min.js [36m304[0m 2.566 ms - -[0m
[0mGET /cssa/bootstrap.min.css [36m304[0m 3.569 ms - -[0m
[0mGET / [36m304[0m 48.130 ms - -[0m
[0mGET /cssa/bootstrap.min.css [36m304[0m 3.886 ms - -[0m
[0mGET /js/bootstrap.min.js [36m304[0m 1.904 ms - -[0m
[0mGET /cssa/bootstrap.min.css [36m304[0m 0.920 ms - -[0m
[0mGET /js/bootstrap.min.js.map [32m200[0m 1.061 ms - 220293[0m
[0mGET /cssa/bootstrap.min.css.map [32m200[0m 0.708 ms - 588931[0m
[0mGET / [32m200[0m 38.895 ms - 6352[0m
[0mGET /cssa/bootstrap.min.css [36m304[0m 0.717 ms - -[0m
[0mGET /js/bootstrap.min.js [36m304[0m 0.890 ms - -[0m
[0mGET / [36m304[0m 38.873 ms - -[0m
[0mGET /js/bootstrap.min.js [36m304[0m 2.652 ms - -[0m
[0mGET /cssa/bootstrap.min.css [36m304[0m 2.615 ms - -[0m
[0mGET /users/sign-in [36m304[0m 6.533 ms - -[0m
[0mGET /users/css/layout.css [33m404[0m 1.200 ms - 159[0m
[0mGET /js/bootstrap.min.js [36m304[0m 1.508 ms - -[0m
[0mGET /cssa/bootstrap.min.css [36m304[0m 0.937 ms - -[0m
[0mGET /users/auth/google [36m302[0m 3.245 ms - 0[0m
[0mGET /users/auth/google/callback?code=4%2F0Adeu5BXpTagRKgwKuq67wxNTLqF0S92dlmYyc2bGOqw-XJ6f3sWiAWr5ZILRGgMb3GBZqA&scope=email+profile+https%3A%2F%2Fwww.googleapis.com%2Fauth%2Fuserinfo.profile+https%3A%2F%2Fwww.googleapis.com%2Fauth%2Fuserinfo.email+openid&authuser=0&prompt=consent [36m302[0m 719.324 ms - 46[0m
[0mGET / [32m200[0m 41.929 ms - 10939[0m
[0mGET /cssa/bootstrap.min.css [36m304[0m 1.915 ms - -[0m
[0mGET /js/bootstrap.min.js [36m304[0m 1.633 ms - -[0m
[0mGET /cssa/bootstrap.min.css [36m304[0m 1.324 ms - -[0m
[0mGET /js/bootstrap.min.js.map [36m304[0m 0.323 ms - -[0m
[0mGET /cssa/bootstrap.min.css.map [36m304[0m 0.836 ms - -[0m
[0mGET / [32m200[0m 40.234 ms - 10924[0m
[0mGET /cssa/bootstrap.min.css [36m304[0m 3.498 ms - -[0m
[0mGET /js/bootstrap.min.js [36m304[0m 2.798 ms - -[0m
[0mGET /cssa/bootstrap.min.css.map [36m304[0m 0.399 ms - -[0m
[0mGET /js/bootstrap.min.js.map [36m304[0m 0.276 ms - -[0m
[0mGET / [36m304[0m 37.503 ms - -[0m
[0mGET /js/bootstrap.min.js [36m304[0m 2.209 ms - -[0m
[0mGET /cssa/bootstrap.min.css [36m304[0m 1.565 ms - -[0m
[0mGET /cssa/bootstrap.min.css.map [36m304[0m 0.384 ms - -[0m
[0mGET /js/bootstrap.min.js.map [36m304[0m 0.460 ms - -[0m
[0mGET / [36m304[0m 24.000 ms - -[0m
[0mGET /js/bootstrap.min.js [36m304[0m 0.946 ms - -[0m
[0mGET /cssa/bootstrap.min.css [36m304[0m 2.473 ms - -[0m
[0mGET /cssa/bootstrap.min.css.map [36m304[0m 0.303 ms - -[0m
[0mGET /js/bootstrap.min.js.map [36m304[0m 0.298 ms - -[0m
[0mGET / [36m304[0m 89.348 ms - -[0m
[0mGET /js/bootstrap.min.js [36m304[0m 2.821 ms - -[0m
[0mGET /cssa/bootstrap.min.css [36m304[0m 2.772 ms - -[0m
[0mGET /cssa/bootstrap.min.css.map [36m304[0m 0.332 ms - -[0m
[0mGET /js/bootstrap.min.js.map [36m304[0m 0.277 ms - -[0m
[0mGET / [36m304[0m 25.891 ms - -[0m
[0mGET /cssa/bootstrap.min.css [36m304[0m 2.649 ms - -[0m
[0mGET /js/bootstrap.min.js [36m304[0m 1.923 ms - -[0m
[0mGET / [32m200[0m 37.344 ms - 10932[0m
[0mGET /js/bootstrap.min.js [36m304[0m 2.090 ms - -[0m
[0mGET /cssa/bootstrap.min.css [36m304[0m 2.420 ms - -[0m
[0mGET / [36m304[0m 40.404 ms - -[0m
[0mGET /cssa/bootstrap.min.css [36m304[0m 0.417 ms - -[0m
[0mGET /js/bootstrap.min.js [36m304[0m 1.151 ms - -[0m
[0mGET / [32m200[0m 47.701 ms - 10924[0m
[0mGET /js/bootstrap.min.js [36m304[0m 2.476 ms - -[0m
[0mGET /cssa/bootstrap.min.css [36m304[0m 4.000 ms - -[0m
[0mGET / [36m304[0m 40.871 ms - -[0m
[0mGET /cssa/bootstrap.min.css [36m304[0m 3.173 ms - -[0m
[0mGET /js/bootstrap.min.js [36m304[0m 2.292 ms - -[0m
[0mGET / [36m304[0m 51.779 ms - -[0m
[0mGET /js/bootstrap.min.js [36m304[0m 1.748 ms - -[0m
[0mGET /cssa/bootstrap.min.css [36m304[0m 2.023 ms - -[0m
[0mGET / [36m304[0m 57.008 ms - -[0m
[0mGET /js/bootstrap.min.js [36m304[0m 2.193 ms - -[0m
[0mGET /cssa/bootstrap.min.css [36m304[0m 2.642 ms - -[0m
[0mGET /cssa/bootstrap.min.css [36m304[0m 2.436 ms - -[0m
[0mGET /js/bootstrap.min.js.map [36m304[0m 0.355 ms - -[0m
[0mGET /cssa/bootstrap.min.css.map [36m304[0m 0.259 ms - -[0m
